<?xml version="1.0" encoding="UTF-8"?>
<testsuite xmlns:xsi="http://www.w3.org/2001/XMLSchema-instance" xsi:noNamespaceSchemaLocation="https://maven.apache.org/surefire/maven-surefire-plugin/xsd/surefire-test-report.xsd" version="3.0.2" name="com.patient_journal_rest_api.PatientJournalRestApiApplicationTests" time="3.532" tests="1" errors="0" skipped="0" failures="0">
  <properties>
[...]
</properties>
  <testcase name="contextLoads" classname="com.patient_journal_rest_api.PatientJournalRestApiApplicationTests" time="0.261">
    <system-out><![CDATA[07:08:51.151 [main] INFO org.springframework.test.context.support.AnnotationConfigContextLoaderUtils -- Could not detect default configuration classes for test class [com.patient_journal_rest_api.PatientJournalRestApiApplicationTests]: PatientJournalRestApiApplicationTests does not declare any static, non-private, non-final, nested classes annotated with @Configuration.
07:08:51.197 [main] INFO org.springframework.boot.test.context.SpringBootTestContextBootstrapper -- Found @SpringBootConfiguration com.patient_journal_rest_api.PatientJournalRestApiApplication for test class com.patient_journal_rest_api.PatientJournalRestApiApplicationTests

  .   ____          _            __ _ _
 /\\ / ___'_ __ _ _(_)_ __  __ _ \ \ \ \
( ( )\___ | '_ | '_| | '_ \/ _` | \ \ \ \
 \\/  ___)| |_)| | | | | || (_| |  ) ) ) )
  '  |____| .__|_| |_|_| |_\__, | / / / /
 =========|_|==============|___/=/_/_/_/

 :: Spring Boot ::                (v3.4.3)

2025-04-08T07:08:51.364-07:00  INFO 5135 --- [patient-journal-rest-api] [           main] c.a.s.p.s.AwsSpringWebRuntimeInitializer : AWS Environment: {PATH=/Users/anthonynguyen/.gem/ruby/3.3.5/bin:/Users/anthonynguyen/.rubies/ruby-3.3.5/lib/ruby/gems/3.3.0/bin:/Users/anthonynguyen/.rubies/ruby-3.3.5/bin:/Users/anthonynguyen/google-cloud-sdk/bin:/opt/anaconda3/bin:/opt/anaconda3/condabin:/Library/Frameworks/Python.framework/Versions/3.12/bin:/opt/homebrew/bin:/opt/homebrew/sbin:/usr/local/bin:/System/Cryptexes/App/usr/bin:/usr/bin:/bin:/usr/sbin:/sbin:/var/run/com.apple.security.cryptexd/codex.system/bootstrap/usr/local/bin:/var/run/com.apple.security.cryptexd/codex.system/bootstrap/usr/bin:/var/run/com.apple.security.cryptexd/codex.system/bootstrap/usr/appleinternal/bin:/Library/Apple/usr/bin:/usr/local/go/bin:/Users/anthonynguyen/Applications/iTerm.app/Contents/Resources/utilities:/Users/anthonynguyen/Library/Android/sdk/platform-tools/:/Users/anthonynguyen/Library/Android/sdk/cmdline-tools/latest/bin/:/Users/anthonynguyen/Library/Android/sdk/build-tools:/Users/anthonynguyen/Library/Android/sdk/emulator/, LC_TERMINAL=iTerm2, DB_PORT=5432, CONDA_DEFAULT_ENV=base, DB_NAME=marcomeet, CONDA_PYTHON_EXE=/opt/anaconda3/bin/python, ANDROID_HOME=/Users/anthonynguyen/Library/Android/sdk, CONDA_PREFIX=/opt/anaconda3, DB_USERNAME=postgres, COLORTERM=truecolor, P9K_TTY=old, JAVA_MAIN_CLASS_5106=org.codehaus.plexus.classworlds.launcher.Launcher, LOGNAME=anthonynguyen, PWD=/Users/anthonynguyen/Documents/GitHub/patientjournal-rest-api, TERM_PROGRAM_VERSION=3.5.11, INFOPATH=/opt/homebrew/share/info:, SHELL=/bin/zsh, PAGER=less, OLDPWD=/Users/anthonynguyen/documents/github/patientjournal-rest-api, SECURITYSESSIONID=186a3, HOMEBREW_CELLAR=/opt/homebrew/Cellar, GEM_HOME=/Users/anthonynguyen/.gem/ruby/3.3.5, ZSH=/Users/anthonynguyen/.oh-my-zsh, ITERM_PROFILE=Dracula, P9K_SSH=0, TMPDIR=/var/folders/bt/tyml2wwx3q36c1s05wpffmwm0000gn/T/, RUBY_VERSION=3.3.5, XPC_FLAGS=0x0, TERM_SESSION_ID=w0t0p0:ABC5A4ED-53AA-4B8A-B11E-E56653EAF9CA, GEM_ROOT=/Users/anthonynguyen/.rubies/ruby-3.3.5/lib/ruby/gems/3.3.0, DB_ENDPOINT=marcomeet-db-1.cpiokwkoc705.us-west-1.rds.amazonaws.com, __CF_USER_TEXT_ENCODING=0x1F5:0x0:0x0, CONDA_PROMPT_MODIFIER=(base) , LESS=-R, COLORFGBG=15;0, LS_COLORS=di=1;36:ln=35:so=32:pi=33:ex=31:bd=34;46:cd=34;43:su=30;41:sg=30;46:tw=30;42:ow=30;43, SHLVL=2, TERM_FEATURES=T3LrMSc7UUw9Ts3BFGsSyHNoSxF, GSETTINGS_SCHEMA_DIR_CONDA_BACKUP=, _P9K_SSH_TTY=/dev/ttys000, CONDA_EXE=/opt/anaconda3/bin/conda, JAVA_HOME=/Library/Java/JavaVirtualMachines/zulu-17.jdk/Contents/Home, TERM=xterm-256color, HOMEBREW_PREFIX=/opt/homebrew, LANG=en_US.UTF-8, _P9K_TTY=/dev/ttys000, COMMAND_MODE=unix2003, ITERM_SESSION_ID=w0t0p0:ABC5A4ED-53AA-4B8A-B11E-E56653EAF9CA, _CE_M=, HOMEBREW_REPOSITORY=/opt/homebrew, XPC_SERVICE_NAME=0, MAVEN_CMD_LINE_ARGS= clean install, CONDA_SHLVL=1, _=/Library/Java/JavaVirtualMachines/zulu-17.jdk/Contents/Home/bin/java, __CFBundleIdentifier=com.googlecode.iterm2, LC_TERMINAL_VERSION=3.5.11, JAVA_MAIN_CLASS_5135=org.apache.maven.surefire.booter.ForkedBooter, TERM_PROGRAM=iTerm.app, LSCOLORS=Gxfxcxdxbxegedabagacad, MAVEN_PROJECTBASEDIR=/Users/anthonynguyen/documents/github/patientjournal-rest-api, RUBY_ROOT=/Users/anthonynguyen/.rubies/ruby-3.3.5, RUBY_ENGINE=ruby, USER=anthonynguyen, RUBYOPT=, LaunchInstanceID=B4AC47D8-C5F1-419B-8772-223731ED5E0A, SSH_AUTH_SOCK=/private/tmp/com.apple.launchd.9fSCmzWCvx/Listeners, _CE_CONDA=, GEM_PATH=/Users/anthonynguyen/.gem/ruby/3.3.5:/Users/anthonynguyen/.rubies/ruby-3.3.5/lib/ruby/gems/3.3.0, GSETTINGS_SCHEMA_DIR=/opt/anaconda3/share/glib-2.0/schemas, HOME=/Users/anthonynguyen, TERMINFO_DIRS=/Users/anthonynguyen/Applications/iTerm.app/Contents/Resources/terminfo:/usr/share/terminfo, DB_PASSWORD=%+Lyv95Hz6+>k.s:j.TcFJ:5#|qV}
2025-04-08T07:08:51.367-07:00  INFO 5135 --- [patient-journal-rest-api] [           main] .p.PatientJournalRestApiApplicationTests : Starting PatientJournalRestApiApplicationTests using Java 17.0.12 with PID 5135 (started by anthonynguyen in /Users/anthonynguyen/Documents/GitHub/patientjournal-rest-api)
2025-04-08T07:08:51.367-07:00  INFO 5135 --- [patient-journal-rest-api] [           main] .p.PatientJournalRestApiApplicationTests : No active profile set, falling back to 1 default profile: "default"
2025-04-08T07:08:51.633-07:00  INFO 5135 --- [patient-journal-rest-api] [           main] .s.d.r.c.RepositoryConfigurationDelegate : Bootstrapping Spring Data JPA repositories in DEFAULT mode.
2025-04-08T07:08:51.659-07:00  INFO 5135 --- [patient-journal-rest-api] [           main] .s.d.r.c.RepositoryConfigurationDelegate : Finished Spring Data repository scanning in 21 ms. Found 5 JPA repository interfaces.
2025-04-08T07:08:51.836-07:00  INFO 5135 --- [patient-journal-rest-api] [           main] o.hibernate.jpa.internal.util.LogHelper  : HHH000204: Processing PersistenceUnitInfo [name: default]
2025-04-08T07:08:51.863-07:00  INFO 5135 --- [patient-journal-rest-api] [           main] org.hibernate.Version                    : HHH000412: Hibernate ORM core version 6.6.8.Final
2025-04-08T07:08:51.876-07:00  INFO 5135 --- [patient-journal-rest-api] [           main] o.h.c.internal.RegionFactoryInitiator    : HHH000026: Second-level cache disabled
2025-04-08T07:08:51.926-07:00  INFO 5135 --- [patient-journal-rest-api] [           main] com.zaxxer.hikari.HikariDataSource       : HikariPool-1 - Starting...
2025-04-08T07:08:52.465-07:00  INFO 5135 --- [patient-journal-rest-api] [           main] com.zaxxer.hikari.pool.HikariPool        : HikariPool-1 - Added connection org.postgresql.jdbc.PgConnection@55222ee9
2025-04-08T07:08:52.466-07:00  INFO 5135 --- [patient-journal-rest-api] [           main] com.zaxxer.hikari.HikariDataSource       : HikariPool-1 - Start completed.
2025-04-08T07:08:52.526-07:00  WARN 5135 --- [patient-journal-rest-api] [           main] org.hibernate.orm.deprecation            : HHH90000025: PostgreSQLDialect does not need to be specified explicitly using 'hibernate.dialect' (remove the property setting and it will be selected by default)
2025-04-08T07:08:52.595-07:00  INFO 5135 --- [patient-journal-rest-api] [           main] org.hibernate.orm.connections.pooling    : HHH10001005: Database info:
	Database JDBC URL [Connecting through datasource 'HikariDataSource (HikariPool-1)']
	Database driver: undefined/unknown
	Database version: 17.2
	Autocommit mode: undefined/unknown
	Isolation level: undefined/unknown
	Minimum pool size: undefined/unknown
	Maximum pool size: undefined/unknown
2025-04-08T07:08:52.690-07:00  INFO 5135 --- [patient-journal-rest-api] [           main] o.s.o.j.p.SpringPersistenceUnitInfo      : No LoadTimeWeaver setup: ignoring JPA class transformer
2025-04-08T07:08:53.118-07:00  INFO 5135 --- [patient-journal-rest-api] [           main] o.h.e.t.j.p.i.JtaPlatformInitiator       : HHH000489: No JTA platform available (set 'hibernate.transaction.jta.platform' to enable JTA platform integration)
2025-04-08T07:08:53.994-07:00  INFO 5135 --- [patient-journal-rest-api] [           main] j.LocalContainerEntityManagerFactoryBean : Initialized JPA EntityManagerFactory for persistence unit 'default'
2025-04-08T07:08:54.110-07:00  INFO 5135 --- [patient-journal-rest-api] [           main] ca.uhn.fhir.util.VersionUtil             : HAPI FHIR version 6.8.0 - Rev f33627087f
2025-04-08T07:08:54.112-07:00  INFO 5135 --- [patient-journal-rest-api] [           main] ca.uhn.fhir.context.FhirContext          : Creating new FHIR context for FHIR version [R4]
2025-04-08T07:08:54.118-07:00  INFO 5135 --- [patient-journal-rest-api] [           main] ca.uhn.fhir.context.FhirContext          : Creating new FHIR context for FHIR version [R4]
2025-04-08T07:08:54.183-07:00  WARN 5135 --- [patient-journal-rest-api] [           main] JpaBaseConfiguration$JpaWebConfiguration : spring.jpa.open-in-view is enabled by default. Therefore, database queries may be performed during view rendering. Explicitly configure spring.jpa.open-in-view to disable this warning
2025-04-08T07:08:54.342-07:00  INFO 5135 --- [patient-journal-rest-api] [           main] .p.PatientJournalRestApiApplicationTests : Started PatientJournalRestApiApplicationTests in 3.088 seconds (process running for 3.483)
]]></system-out>
  </testcase>
</testsuite>